[35m[1mConsolidate compiler generated dependencies of target talker[0m
[ 33%] [32mBuilding CXX object CMakeFiles/talker.dir/src/baropublisher.cpp.o[0m
In file included from [01m[K/opt/ros/humble/include/rclcpp/rclcpp/logging.hpp:24[m[K,
                 from [01m[K/opt/ros/humble/include/rclcpp/rclcpp/client.hpp:40[m[K,
                 from [01m[K/opt/ros/humble/include/rclcpp/rclcpp/callback_group.hpp:24[m[K,
                 from [01m[K/opt/ros/humble/include/rclcpp/rclcpp/any_executable.hpp:20[m[K,
                 from [01m[K/opt/ros/humble/include/rclcpp/rclcpp/memory_strategy.hpp:25[m[K,
                 from [01m[K/opt/ros/humble/include/rclcpp/rclcpp/memory_strategies.hpp:18[m[K,
                 from [01m[K/opt/ros/humble/include/rclcpp/rclcpp/executor_options.hpp:20[m[K,
                 from [01m[K/opt/ros/humble/include/rclcpp/rclcpp/executor.hpp:37[m[K,
                 from [01m[K/opt/ros/humble/include/rclcpp/rclcpp/executors/multi_threaded_executor.hpp:25[m[K,
                 from [01m[K/opt/ros/humble/include/rclcpp/rclcpp/executors.hpp:21[m[K,
                 from [01m[K/opt/ros/humble/include/rclcpp/rclcpp/rclcpp.hpp:155[m[K,
                 from [01m[K/home/opi/GitHub/Barometer/ros2_ws/src/barometer/src/baropublisher.cpp:10[m[K:
[01m[K/home/opi/GitHub/Barometer/ros2_ws/src/barometer/src/baropublisher.cpp:[m[K In member function ‘[01m[Kvoid baropublisher::timer_callback()[m[K’:
[01m[K/home/opi/GitHub/Barometer/ros2_ws/src/barometer/src/baropublisher.cpp:36:57:[m[K [01;35m[Kwarning: [m[Kformat ‘[01m[K%s[m[K’ expects argument of type ‘[01m[Kchar*[m[K’, but argument 5 has type ‘[01m[Kstd_msgs::msg::Float64_<std::allocator<void> >::_data_type[m[K’ {aka ‘[01m[Kdouble[m[K’} [[01;35m[K]8;;https://gcc.gnu.org/onlinedocs/gcc/Warning-Options.html#index-Wformat=-Wformat=]8;;[m[K]
   36 |                         RCLCPP_INFO(this->get_logger(), [01;35m[K"Publishing: '%s'"[m[K, [32m[Kmessage.data[m[K);
      |                                                         [01;35m[K^~~~~~~~~~~~~~~~~~[m[K  [32m[K~~~~~~~~~~~~[m[K
      |                                                                                     [32m[K|[m[K
      |                                                                                     [32m[Kstd_msgs::msg::Float64_<std::allocator<void> >::_data_type {aka double}[m[K
[01m[K/home/opi/GitHub/Barometer/ros2_ws/src/barometer/src/baropublisher.cpp:36:72:[m[K [01;36m[Knote: [m[Kformat string is defined here
   36 |                         RCLCPP_INFO(this->get_logger(), "Publishing: '[01;36m[K%s[m[K'", message.data);
      |                                                                       [01;36m[K~^[m[K
      |                                                                        [01;36m[K|[m[K
      |                                                                        [01;36m[Kchar*[m[K
      |                                                                       [32m[K%f[m[K
[ 66%] [32m[1mLinking CXX executable talker[0m
[100%] Built target talker
-- Install configuration: ""
-- Installing: /home/opi/GitHub/Barometer/ros2_ws/install/barometer/lib/barometer/talker
-- Set runtime path of "/home/opi/GitHub/Barometer/ros2_ws/install/barometer/lib/barometer/talker" to ""
-- Installing: /home/opi/GitHub/Barometer/ros2_ws/install/barometer/share/ament_index/resource_index/package_run_dependencies/barometer
-- Installing: /home/opi/GitHub/Barometer/ros2_ws/install/barometer/share/ament_index/resource_index/parent_prefix_path/barometer
-- Installing: /home/opi/GitHub/Barometer/ros2_ws/install/barometer/share/barometer/environment/ament_prefix_path.sh
-- Installing: /home/opi/GitHub/Barometer/ros2_ws/install/barometer/share/barometer/environment/ament_prefix_path.dsv
-- Installing: /home/opi/GitHub/Barometer/ros2_ws/install/barometer/share/barometer/environment/path.sh
-- Installing: /home/opi/GitHub/Barometer/ros2_ws/install/barometer/share/barometer/environment/path.dsv
-- Installing: /home/opi/GitHub/Barometer/ros2_ws/install/barometer/share/barometer/local_setup.bash
-- Installing: /home/opi/GitHub/Barometer/ros2_ws/install/barometer/share/barometer/local_setup.sh
-- Installing: /home/opi/GitHub/Barometer/ros2_ws/install/barometer/share/barometer/local_setup.zsh
-- Installing: /home/opi/GitHub/Barometer/ros2_ws/install/barometer/share/barometer/local_setup.dsv
-- Installing: /home/opi/GitHub/Barometer/ros2_ws/install/barometer/share/barometer/package.dsv
-- Installing: /home/opi/GitHub/Barometer/ros2_ws/install/barometer/share/ament_index/resource_index/packages/barometer
-- Installing: /home/opi/GitHub/Barometer/ros2_ws/install/barometer/share/barometer/cmake/barometerConfig.cmake
-- Installing: /home/opi/GitHub/Barometer/ros2_ws/install/barometer/share/barometer/cmake/barometerConfig-version.cmake
-- Installing: /home/opi/GitHub/Barometer/ros2_ws/install/barometer/share/barometer/package.xml
