[0.132s] DEBUG:colcon:Command line arguments: ['/usr/bin/colcon', 'build']
[0.132s] DEBUG:colcon:Parsed command line arguments: Namespace(log_base=None, log_level=None, verb_name='build', build_base='build', install_base='install', merge_install=False, symlink_install=False, test_result_base=None, continue_on_error=False, executor='parallel', parallel_workers=8, event_handlers=None, ignore_user_meta=False, metas=['./colcon.meta'], base_paths=['.'], packages_ignore=None, packages_ignore_regex=None, paths=None, packages_up_to=None, packages_up_to_regex=None, packages_above=None, packages_above_and_dependencies=None, packages_above_depth=None, packages_select_by_dep=None, packages_skip_by_dep=None, packages_skip_up_to=None, packages_select_build_failed=False, packages_skip_build_finished=False, packages_select_test_failures=False, packages_skip_test_passed=False, packages_select=None, packages_skip=None, packages_select_regex=None, packages_skip_regex=None, packages_start=None, packages_end=None, allow_overriding=[], cmake_args=None, cmake_target=None, cmake_target_skip_unavailable=False, cmake_clean_cache=False, cmake_clean_first=False, cmake_force_configure=False, ament_cmake_args=None, catkin_cmake_args=None, catkin_skip_building_tests=False, verb_parser=<colcon_defaults.argument_parser.defaults.DefaultArgumentsDecorator object at 0xffff9548fb50>, verb_extension=<colcon_core.verb.build.BuildVerb object at 0xffff955c86d0>, main=<bound method BuildVerb.main of <colcon_core.verb.build.BuildVerb object at 0xffff955c86d0>>)
[0.331s] Level 1:colcon.colcon_core.package_discovery:discover_packages(colcon_meta) check parameters
[0.331s] Level 1:colcon.colcon_core.package_discovery:discover_packages(recursive) check parameters
[0.331s] Level 1:colcon.colcon_core.package_discovery:discover_packages(ignore) check parameters
[0.332s] Level 1:colcon.colcon_core.package_discovery:discover_packages(path) check parameters
[0.332s] Level 1:colcon.colcon_core.package_discovery:discover_packages(colcon_meta) discover
[0.332s] Level 1:colcon.colcon_core.package_discovery:discover_packages(recursive) discover
[0.332s] INFO:colcon.colcon_core.package_discovery:Crawling recursively for packages in '/home/opi/GitHub/Barometer/ros2_ws'
[0.332s] Level 1:colcon.colcon_core.package_identification:_identify(.) by extensions ['ignore', 'ignore_ament_install']
[0.332s] Level 1:colcon.colcon_core.package_identification:_identify(.) by extension 'ignore'
[0.332s] Level 1:colcon.colcon_core.package_identification:_identify(.) by extension 'ignore_ament_install'
[0.332s] Level 1:colcon.colcon_core.package_identification:_identify(.) by extensions ['colcon_pkg']
[0.332s] Level 1:colcon.colcon_core.package_identification:_identify(.) by extension 'colcon_pkg'
[0.332s] Level 1:colcon.colcon_core.package_identification:_identify(.) by extensions ['colcon_meta']
[0.332s] Level 1:colcon.colcon_core.package_identification:_identify(.) by extension 'colcon_meta'
[0.332s] Level 1:colcon.colcon_core.package_identification:_identify(.) by extensions ['ros']
[0.332s] Level 1:colcon.colcon_core.package_identification:_identify(.) by extension 'ros'
[0.348s] Level 1:colcon.colcon_core.package_identification:_identify(.) by extensions ['cmake', 'python']
[0.348s] Level 1:colcon.colcon_core.package_identification:_identify(.) by extension 'cmake'
[0.348s] Level 1:colcon.colcon_core.package_identification:_identify(.) by extension 'python'
[0.348s] Level 1:colcon.colcon_core.package_identification:_identify(.) by extensions ['python_setup_py']
[0.348s] Level 1:colcon.colcon_core.package_identification:_identify(.) by extension 'python_setup_py'
[0.348s] Level 1:colcon.colcon_core.package_identification:_identify(build) by extensions ['ignore', 'ignore_ament_install']
[0.348s] Level 1:colcon.colcon_core.package_identification:_identify(build) by extension 'ignore'
[0.348s] Level 1:colcon.colcon_core.package_identification:_identify(build) ignored
[0.349s] Level 1:colcon.colcon_core.package_identification:_identify(install) by extensions ['ignore', 'ignore_ament_install']
[0.349s] Level 1:colcon.colcon_core.package_identification:_identify(install) by extension 'ignore'
[0.349s] Level 1:colcon.colcon_core.package_identification:_identify(install) ignored
[0.349s] Level 1:colcon.colcon_core.package_identification:_identify(log) by extensions ['ignore', 'ignore_ament_install']
[0.349s] Level 1:colcon.colcon_core.package_identification:_identify(log) by extension 'ignore'
[0.349s] Level 1:colcon.colcon_core.package_identification:_identify(log) ignored
[0.349s] Level 1:colcon.colcon_core.package_identification:_identify(src) by extensions ['ignore', 'ignore_ament_install']
[0.349s] Level 1:colcon.colcon_core.package_identification:_identify(src) by extension 'ignore'
[0.349s] Level 1:colcon.colcon_core.package_identification:_identify(src) by extension 'ignore_ament_install'
[0.349s] Level 1:colcon.colcon_core.package_identification:_identify(src) by extensions ['colcon_pkg']
[0.349s] Level 1:colcon.colcon_core.package_identification:_identify(src) by extension 'colcon_pkg'
[0.349s] Level 1:colcon.colcon_core.package_identification:_identify(src) by extensions ['colcon_meta']
[0.349s] Level 1:colcon.colcon_core.package_identification:_identify(src) by extension 'colcon_meta'
[0.350s] Level 1:colcon.colcon_core.package_identification:_identify(src) by extensions ['ros']
[0.350s] Level 1:colcon.colcon_core.package_identification:_identify(src) by extension 'ros'
[0.350s] Level 1:colcon.colcon_core.package_identification:_identify(src) by extensions ['cmake', 'python']
[0.350s] Level 1:colcon.colcon_core.package_identification:_identify(src) by extension 'cmake'
[0.350s] Level 1:colcon.colcon_core.package_identification:_identify(src) by extension 'python'
[0.350s] Level 1:colcon.colcon_core.package_identification:_identify(src) by extensions ['python_setup_py']
[0.350s] Level 1:colcon.colcon_core.package_identification:_identify(src) by extension 'python_setup_py'
[0.350s] Level 1:colcon.colcon_core.package_identification:_identify(src/barometer) by extensions ['ignore', 'ignore_ament_install']
[0.350s] Level 1:colcon.colcon_core.package_identification:_identify(src/barometer) by extension 'ignore'
[0.350s] Level 1:colcon.colcon_core.package_identification:_identify(src/barometer) by extension 'ignore_ament_install'
[0.350s] Level 1:colcon.colcon_core.package_identification:_identify(src/barometer) by extensions ['colcon_pkg']
[0.350s] Level 1:colcon.colcon_core.package_identification:_identify(src/barometer) by extension 'colcon_pkg'
[0.350s] Level 1:colcon.colcon_core.package_identification:_identify(src/barometer) by extensions ['colcon_meta']
[0.350s] Level 1:colcon.colcon_core.package_identification:_identify(src/barometer) by extension 'colcon_meta'
[0.350s] Level 1:colcon.colcon_core.package_identification:_identify(src/barometer) by extensions ['ros']
[0.350s] Level 1:colcon.colcon_core.package_identification:_identify(src/barometer) by extension 'ros'
[0.354s] DEBUG:colcon.colcon_core.package_identification:Package 'src/barometer' with type 'ros.ament_cmake' and name 'barometer'
[0.354s] Level 1:colcon.colcon_core.package_identification:_identify(src/sub) by extensions ['ignore', 'ignore_ament_install']
[0.354s] Level 1:colcon.colcon_core.package_identification:_identify(src/sub) by extension 'ignore'
[0.354s] Level 1:colcon.colcon_core.package_identification:_identify(src/sub) by extension 'ignore_ament_install'
[0.354s] Level 1:colcon.colcon_core.package_identification:_identify(src/sub) by extensions ['colcon_pkg']
[0.354s] Level 1:colcon.colcon_core.package_identification:_identify(src/sub) by extension 'colcon_pkg'
[0.354s] Level 1:colcon.colcon_core.package_identification:_identify(src/sub) by extensions ['colcon_meta']
[0.354s] Level 1:colcon.colcon_core.package_identification:_identify(src/sub) by extension 'colcon_meta'
[0.354s] Level 1:colcon.colcon_core.package_identification:_identify(src/sub) by extensions ['ros']
[0.354s] Level 1:colcon.colcon_core.package_identification:_identify(src/sub) by extension 'ros'
[0.355s] DEBUG:colcon.colcon_core.package_identification:Package 'src/sub' with type 'ros.ament_cmake' and name 'sub'
[0.355s] Level 1:colcon.colcon_core.package_discovery:discover_packages(recursive) using defaults
[0.355s] Level 1:colcon.colcon_core.package_discovery:discover_packages(ignore) discover
[0.355s] Level 1:colcon.colcon_core.package_discovery:discover_packages(ignore) using defaults
[0.355s] Level 1:colcon.colcon_core.package_discovery:discover_packages(path) discover
[0.355s] Level 1:colcon.colcon_core.package_discovery:discover_packages(path) using defaults
[0.379s] Level 1:colcon.colcon_core.package_discovery:discover_packages(prefix_path) check parameters
[0.379s] Level 1:colcon.colcon_core.package_discovery:discover_packages(prefix_path) discover
[0.381s] DEBUG:colcon.colcon_installed_package_information.package_discovery:Found 3 installed packages in /home/opi/microros_ws/install
[0.383s] DEBUG:colcon.colcon_installed_package_information.package_discovery:Found 277 installed packages in /opt/ros/humble
[0.385s] Level 1:colcon.colcon_core.package_discovery:discover_packages(prefix_path) using defaults
[0.456s] Level 5:colcon.colcon_core.verb:set package 'barometer' build argument 'cmake_args' from command line to 'None'
[0.456s] Level 5:colcon.colcon_core.verb:set package 'barometer' build argument 'cmake_target' from command line to 'None'
[0.457s] Level 5:colcon.colcon_core.verb:set package 'barometer' build argument 'cmake_target_skip_unavailable' from command line to 'False'
[0.457s] Level 5:colcon.colcon_core.verb:set package 'barometer' build argument 'cmake_clean_cache' from command line to 'False'
[0.457s] Level 5:colcon.colcon_core.verb:set package 'barometer' build argument 'cmake_clean_first' from command line to 'False'
[0.457s] Level 5:colcon.colcon_core.verb:set package 'barometer' build argument 'cmake_force_configure' from command line to 'False'
[0.457s] Level 5:colcon.colcon_core.verb:set package 'barometer' build argument 'ament_cmake_args' from command line to 'None'
[0.457s] Level 5:colcon.colcon_core.verb:set package 'barometer' build argument 'catkin_cmake_args' from command line to 'None'
[0.457s] Level 5:colcon.colcon_core.verb:set package 'barometer' build argument 'catkin_skip_building_tests' from command line to 'False'
[0.457s] DEBUG:colcon.colcon_core.verb:Building package 'barometer' with the following arguments: {'ament_cmake_args': None, 'build_base': '/home/opi/GitHub/Barometer/ros2_ws/build/barometer', 'catkin_cmake_args': None, 'catkin_skip_building_tests': False, 'cmake_args': None, 'cmake_clean_cache': False, 'cmake_clean_first': False, 'cmake_force_configure': False, 'cmake_target': None, 'cmake_target_skip_unavailable': False, 'install_base': '/home/opi/GitHub/Barometer/ros2_ws/install/barometer', 'merge_install': False, 'path': '/home/opi/GitHub/Barometer/ros2_ws/src/barometer', 'symlink_install': False, 'test_result_base': None}
[0.457s] Level 5:colcon.colcon_core.verb:set package 'sub' build argument 'cmake_args' from command line to 'None'
[0.457s] Level 5:colcon.colcon_core.verb:set package 'sub' build argument 'cmake_target' from command line to 'None'
[0.457s] Level 5:colcon.colcon_core.verb:set package 'sub' build argument 'cmake_target_skip_unavailable' from command line to 'False'
[0.457s] Level 5:colcon.colcon_core.verb:set package 'sub' build argument 'cmake_clean_cache' from command line to 'False'
[0.457s] Level 5:colcon.colcon_core.verb:set package 'sub' build argument 'cmake_clean_first' from command line to 'False'
[0.457s] Level 5:colcon.colcon_core.verb:set package 'sub' build argument 'cmake_force_configure' from command line to 'False'
[0.457s] Level 5:colcon.colcon_core.verb:set package 'sub' build argument 'ament_cmake_args' from command line to 'None'
[0.457s] Level 5:colcon.colcon_core.verb:set package 'sub' build argument 'catkin_cmake_args' from command line to 'None'
[0.457s] Level 5:colcon.colcon_core.verb:set package 'sub' build argument 'catkin_skip_building_tests' from command line to 'False'
[0.458s] DEBUG:colcon.colcon_core.verb:Building package 'sub' with the following arguments: {'ament_cmake_args': None, 'build_base': '/home/opi/GitHub/Barometer/ros2_ws/build/sub', 'catkin_cmake_args': None, 'catkin_skip_building_tests': False, 'cmake_args': None, 'cmake_clean_cache': False, 'cmake_clean_first': False, 'cmake_force_configure': False, 'cmake_target': None, 'cmake_target_skip_unavailable': False, 'install_base': '/home/opi/GitHub/Barometer/ros2_ws/install/sub', 'merge_install': False, 'path': '/home/opi/GitHub/Barometer/ros2_ws/src/sub', 'symlink_install': False, 'test_result_base': None}
[0.458s] INFO:colcon.colcon_core.executor:Executing jobs using 'parallel' executor
[0.459s] DEBUG:colcon.colcon_parallel_executor.executor.parallel:run_until_complete
[0.459s] INFO:colcon.colcon_ros.task.ament_cmake.build:Building ROS package in '/home/opi/GitHub/Barometer/ros2_ws/src/barometer' with build type 'ament_cmake'
[0.460s] INFO:colcon.colcon_cmake.task.cmake.build:Building CMake package in '/home/opi/GitHub/Barometer/ros2_ws/src/barometer'
[0.463s] INFO:colcon.colcon_core.plugin_system:Skipping extension 'colcon_core.shell.bat': Not used on non-Windows systems
[0.463s] INFO:colcon.colcon_core.shell:Skip shell extension 'powershell' for command environment: Not usable outside of PowerShell
[0.463s] DEBUG:colcon.colcon_core.shell:Skip shell extension 'dsv' for command environment
[0.467s] INFO:colcon.colcon_ros.task.ament_cmake.build:Building ROS package in '/home/opi/GitHub/Barometer/ros2_ws/src/sub' with build type 'ament_cmake'
[0.468s] INFO:colcon.colcon_cmake.task.cmake.build:Building CMake package in '/home/opi/GitHub/Barometer/ros2_ws/src/sub'
[0.468s] INFO:colcon.colcon_core.shell:Skip shell extension 'powershell' for command environment: Not usable outside of PowerShell
[0.468s] DEBUG:colcon.colcon_core.shell:Skip shell extension 'dsv' for command environment
[0.477s] DEBUG:colcon.colcon_core.event_handler.log_command:Invoking command in '/home/opi/GitHub/Barometer/ros2_ws/build/barometer': CMAKE_PREFIX_PATH=${CMAKE_PREFIX_PATH}:/opt/ros/humble /usr/bin/cmake --build /home/opi/GitHub/Barometer/ros2_ws/build/barometer -- -j8 -l8
[0.484s] DEBUG:colcon.colcon_core.event_handler.log_command:Invoking command in '/home/opi/GitHub/Barometer/ros2_ws/build/sub': CMAKE_PREFIX_PATH=${CMAKE_PREFIX_PATH}:/opt/ros/humble /usr/bin/cmake --build /home/opi/GitHub/Barometer/ros2_ws/build/sub -- -j8 -l8
[0.691s] DEBUG:colcon.colcon_core.event_handler.log_command:Invoked command in '/home/opi/GitHub/Barometer/ros2_ws/build/sub' returned '0': CMAKE_PREFIX_PATH=${CMAKE_PREFIX_PATH}:/opt/ros/humble /usr/bin/cmake --build /home/opi/GitHub/Barometer/ros2_ws/build/sub -- -j8 -l8
[0.786s] DEBUG:colcon.colcon_core.event_handler.log_command:Invoking command in '/home/opi/GitHub/Barometer/ros2_ws/build/sub': CMAKE_PREFIX_PATH=${CMAKE_PREFIX_PATH}:/opt/ros/humble /usr/bin/cmake --install /home/opi/GitHub/Barometer/ros2_ws/build/sub
[0.826s] Level 1:colcon.colcon_core.environment:create_environment_scripts_only(sub)
[0.826s] DEBUG:colcon.colcon_core.event_handler.log_command:Invoked command in '/home/opi/GitHub/Barometer/ros2_ws/build/sub' returned '0': CMAKE_PREFIX_PATH=${CMAKE_PREFIX_PATH}:/opt/ros/humble /usr/bin/cmake --install /home/opi/GitHub/Barometer/ros2_ws/build/sub
[0.829s] Level 1:colcon.colcon_core.environment:checking '/home/opi/GitHub/Barometer/ros2_ws/install/sub' for CMake module files
[0.829s] Level 1:colcon.colcon_core.environment:checking '/home/opi/GitHub/Barometer/ros2_ws/install/sub' for CMake config files
[0.830s] Level 1:colcon.colcon_core.shell:create_environment_hook('sub', 'cmake_prefix_path')
[0.830s] INFO:colcon.colcon_core.shell:Creating environment hook '/home/opi/GitHub/Barometer/ros2_ws/install/sub/share/sub/hook/cmake_prefix_path.ps1'
[0.831s] INFO:colcon.colcon_core.shell:Creating environment descriptor '/home/opi/GitHub/Barometer/ros2_ws/install/sub/share/sub/hook/cmake_prefix_path.dsv'
[0.831s] INFO:colcon.colcon_core.shell:Creating environment hook '/home/opi/GitHub/Barometer/ros2_ws/install/sub/share/sub/hook/cmake_prefix_path.sh'
[0.832s] Level 1:colcon.colcon_core.environment:checking '/home/opi/GitHub/Barometer/ros2_ws/install/sub/lib'
[0.833s] Level 1:colcon.colcon_core.environment:checking '/home/opi/GitHub/Barometer/ros2_ws/install/sub/bin'
[0.833s] Level 1:colcon.colcon_core.environment:checking '/home/opi/GitHub/Barometer/ros2_ws/install/sub/lib/pkgconfig/sub.pc'
[0.833s] Level 1:colcon.colcon_core.environment:checking '/home/opi/GitHub/Barometer/ros2_ws/install/sub/lib/python3.10/site-packages'
[0.833s] Level 1:colcon.colcon_core.environment:checking '/home/opi/GitHub/Barometer/ros2_ws/install/sub/bin'
[0.834s] INFO:colcon.colcon_core.shell:Creating package script '/home/opi/GitHub/Barometer/ros2_ws/install/sub/share/sub/package.ps1'
[0.835s] INFO:colcon.colcon_core.shell:Creating package descriptor '/home/opi/GitHub/Barometer/ros2_ws/install/sub/share/sub/package.dsv'
[0.835s] INFO:colcon.colcon_core.shell:Creating package script '/home/opi/GitHub/Barometer/ros2_ws/install/sub/share/sub/package.sh'
[0.836s] INFO:colcon.colcon_core.shell:Creating package script '/home/opi/GitHub/Barometer/ros2_ws/install/sub/share/sub/package.bash'
[0.837s] INFO:colcon.colcon_core.shell:Creating package script '/home/opi/GitHub/Barometer/ros2_ws/install/sub/share/sub/package.zsh'
[0.838s] Level 1:colcon.colcon_core.environment:create_file_with_runtime_dependencies(/home/opi/GitHub/Barometer/ros2_ws/install/sub/share/colcon-core/packages/sub)
[0.901s] Level 1:colcon.colcon_core.environment:create_environment_scripts_only(sub)
[0.901s] Level 1:colcon.colcon_core.environment:checking '/home/opi/GitHub/Barometer/ros2_ws/install/sub' for CMake module files
[0.902s] Level 1:colcon.colcon_core.environment:checking '/home/opi/GitHub/Barometer/ros2_ws/install/sub' for CMake config files
[0.902s] Level 1:colcon.colcon_core.shell:create_environment_hook('sub', 'cmake_prefix_path')
[0.903s] INFO:colcon.colcon_core.shell:Creating environment hook '/home/opi/GitHub/Barometer/ros2_ws/install/sub/share/sub/hook/cmake_prefix_path.ps1'
[0.903s] INFO:colcon.colcon_core.shell:Creating environment descriptor '/home/opi/GitHub/Barometer/ros2_ws/install/sub/share/sub/hook/cmake_prefix_path.dsv'
[0.904s] INFO:colcon.colcon_core.shell:Creating environment hook '/home/opi/GitHub/Barometer/ros2_ws/install/sub/share/sub/hook/cmake_prefix_path.sh'
[0.904s] Level 1:colcon.colcon_core.environment:checking '/home/opi/GitHub/Barometer/ros2_ws/install/sub/lib'
[0.905s] Level 1:colcon.colcon_core.environment:checking '/home/opi/GitHub/Barometer/ros2_ws/install/sub/bin'
[0.905s] Level 1:colcon.colcon_core.environment:checking '/home/opi/GitHub/Barometer/ros2_ws/install/sub/lib/pkgconfig/sub.pc'
[0.905s] Level 1:colcon.colcon_core.environment:checking '/home/opi/GitHub/Barometer/ros2_ws/install/sub/lib/python3.10/site-packages'
[0.905s] Level 1:colcon.colcon_core.environment:checking '/home/opi/GitHub/Barometer/ros2_ws/install/sub/bin'
[0.906s] INFO:colcon.colcon_core.shell:Creating package script '/home/opi/GitHub/Barometer/ros2_ws/install/sub/share/sub/package.ps1'
[0.906s] INFO:colcon.colcon_core.shell:Creating package descriptor '/home/opi/GitHub/Barometer/ros2_ws/install/sub/share/sub/package.dsv'
[0.907s] INFO:colcon.colcon_core.shell:Creating package script '/home/opi/GitHub/Barometer/ros2_ws/install/sub/share/sub/package.sh'
[0.907s] INFO:colcon.colcon_core.shell:Creating package script '/home/opi/GitHub/Barometer/ros2_ws/install/sub/share/sub/package.bash'
[0.908s] INFO:colcon.colcon_core.shell:Creating package script '/home/opi/GitHub/Barometer/ros2_ws/install/sub/share/sub/package.zsh'
[0.908s] Level 1:colcon.colcon_core.environment:create_file_with_runtime_dependencies(/home/opi/GitHub/Barometer/ros2_ws/install/sub/share/colcon-core/packages/sub)
[6.867s] DEBUG:colcon.colcon_core.event_handler.log_command:Invoked command in '/home/opi/GitHub/Barometer/ros2_ws/build/barometer' returned '0': CMAKE_PREFIX_PATH=${CMAKE_PREFIX_PATH}:/opt/ros/humble /usr/bin/cmake --build /home/opi/GitHub/Barometer/ros2_ws/build/barometer -- -j8 -l8
[6.941s] DEBUG:colcon.colcon_core.event_handler.log_command:Invoking command in '/home/opi/GitHub/Barometer/ros2_ws/build/barometer': CMAKE_PREFIX_PATH=${CMAKE_PREFIX_PATH}:/opt/ros/humble /usr/bin/cmake --install /home/opi/GitHub/Barometer/ros2_ws/build/barometer
[6.976s] Level 1:colcon.colcon_core.environment:create_environment_scripts_only(barometer)
[6.977s] Level 1:colcon.colcon_core.environment:checking '/home/opi/GitHub/Barometer/ros2_ws/install/barometer' for CMake module files
[6.979s] DEBUG:colcon.colcon_core.event_handler.log_command:Invoked command in '/home/opi/GitHub/Barometer/ros2_ws/build/barometer' returned '0': CMAKE_PREFIX_PATH=${CMAKE_PREFIX_PATH}:/opt/ros/humble /usr/bin/cmake --install /home/opi/GitHub/Barometer/ros2_ws/build/barometer
[6.981s] Level 1:colcon.colcon_core.environment:checking '/home/opi/GitHub/Barometer/ros2_ws/install/barometer' for CMake config files
[6.982s] Level 1:colcon.colcon_core.shell:create_environment_hook('barometer', 'cmake_prefix_path')
[6.983s] INFO:colcon.colcon_core.shell:Creating environment hook '/home/opi/GitHub/Barometer/ros2_ws/install/barometer/share/barometer/hook/cmake_prefix_path.ps1'
[6.984s] INFO:colcon.colcon_core.shell:Creating environment descriptor '/home/opi/GitHub/Barometer/ros2_ws/install/barometer/share/barometer/hook/cmake_prefix_path.dsv'
[6.986s] INFO:colcon.colcon_core.shell:Creating environment hook '/home/opi/GitHub/Barometer/ros2_ws/install/barometer/share/barometer/hook/cmake_prefix_path.sh'
[6.987s] Level 1:colcon.colcon_core.environment:checking '/home/opi/GitHub/Barometer/ros2_ws/install/barometer/lib'
[6.988s] Level 1:colcon.colcon_core.environment:checking '/home/opi/GitHub/Barometer/ros2_ws/install/barometer/bin'
[6.988s] Level 1:colcon.colcon_core.environment:checking '/home/opi/GitHub/Barometer/ros2_ws/install/barometer/lib/pkgconfig/barometer.pc'
[6.989s] Level 1:colcon.colcon_core.environment:checking '/home/opi/GitHub/Barometer/ros2_ws/install/barometer/lib/python3.10/site-packages'
[6.990s] Level 1:colcon.colcon_core.environment:checking '/home/opi/GitHub/Barometer/ros2_ws/install/barometer/bin'
[6.991s] INFO:colcon.colcon_core.shell:Creating package script '/home/opi/GitHub/Barometer/ros2_ws/install/barometer/share/barometer/package.ps1'
[6.993s] INFO:colcon.colcon_core.shell:Creating package descriptor '/home/opi/GitHub/Barometer/ros2_ws/install/barometer/share/barometer/package.dsv'
[6.994s] INFO:colcon.colcon_core.shell:Creating package script '/home/opi/GitHub/Barometer/ros2_ws/install/barometer/share/barometer/package.sh'
[6.996s] INFO:colcon.colcon_core.shell:Creating package script '/home/opi/GitHub/Barometer/ros2_ws/install/barometer/share/barometer/package.bash'
[6.997s] INFO:colcon.colcon_core.shell:Creating package script '/home/opi/GitHub/Barometer/ros2_ws/install/barometer/share/barometer/package.zsh'
[6.998s] Level 1:colcon.colcon_core.environment:create_file_with_runtime_dependencies(/home/opi/GitHub/Barometer/ros2_ws/install/barometer/share/colcon-core/packages/barometer)
[7.068s] Level 1:colcon.colcon_core.environment:create_environment_scripts_only(barometer)
[7.069s] Level 1:colcon.colcon_core.environment:checking '/home/opi/GitHub/Barometer/ros2_ws/install/barometer' for CMake module files
[7.071s] Level 1:colcon.colcon_core.environment:checking '/home/opi/GitHub/Barometer/ros2_ws/install/barometer' for CMake config files
[7.072s] Level 1:colcon.colcon_core.shell:create_environment_hook('barometer', 'cmake_prefix_path')
[7.073s] INFO:colcon.colcon_core.shell:Creating environment hook '/home/opi/GitHub/Barometer/ros2_ws/install/barometer/share/barometer/hook/cmake_prefix_path.ps1'
[7.075s] INFO:colcon.colcon_core.shell:Creating environment descriptor '/home/opi/GitHub/Barometer/ros2_ws/install/barometer/share/barometer/hook/cmake_prefix_path.dsv'
[7.077s] INFO:colcon.colcon_core.shell:Creating environment hook '/home/opi/GitHub/Barometer/ros2_ws/install/barometer/share/barometer/hook/cmake_prefix_path.sh'
[7.078s] Level 1:colcon.colcon_core.environment:checking '/home/opi/GitHub/Barometer/ros2_ws/install/barometer/lib'
[7.079s] Level 1:colcon.colcon_core.environment:checking '/home/opi/GitHub/Barometer/ros2_ws/install/barometer/bin'
[7.079s] Level 1:colcon.colcon_core.environment:checking '/home/opi/GitHub/Barometer/ros2_ws/install/barometer/lib/pkgconfig/barometer.pc'
[7.080s] Level 1:colcon.colcon_core.environment:checking '/home/opi/GitHub/Barometer/ros2_ws/install/barometer/lib/python3.10/site-packages'
[7.081s] Level 1:colcon.colcon_core.environment:checking '/home/opi/GitHub/Barometer/ros2_ws/install/barometer/bin'
[7.082s] INFO:colcon.colcon_core.shell:Creating package script '/home/opi/GitHub/Barometer/ros2_ws/install/barometer/share/barometer/package.ps1'
[7.084s] INFO:colcon.colcon_core.shell:Creating package descriptor '/home/opi/GitHub/Barometer/ros2_ws/install/barometer/share/barometer/package.dsv'
[7.086s] INFO:colcon.colcon_core.shell:Creating package script '/home/opi/GitHub/Barometer/ros2_ws/install/barometer/share/barometer/package.sh'
[7.088s] INFO:colcon.colcon_core.shell:Creating package script '/home/opi/GitHub/Barometer/ros2_ws/install/barometer/share/barometer/package.bash'
[7.089s] INFO:colcon.colcon_core.shell:Creating package script '/home/opi/GitHub/Barometer/ros2_ws/install/barometer/share/barometer/package.zsh'
[7.091s] Level 1:colcon.colcon_core.environment:create_file_with_runtime_dependencies(/home/opi/GitHub/Barometer/ros2_ws/install/barometer/share/colcon-core/packages/barometer)
[7.092s] DEBUG:colcon.colcon_parallel_executor.executor.parallel:closing loop
[7.093s] DEBUG:colcon.colcon_parallel_executor.executor.parallel:loop closed
[7.093s] DEBUG:colcon.colcon_parallel_executor.executor.parallel:run_until_complete finished with '0'
[7.093s] DEBUG:colcon.colcon_core.event_reactor:joining thread
[7.116s] INFO:colcon.colcon_core.plugin_system:Skipping extension 'colcon_notification.desktop_notification.terminal_notifier': Not used on non-Darwin systems
[7.117s] INFO:colcon.colcon_core.plugin_system:Skipping extension 'colcon_notification.desktop_notification.win32': Not used on non-Windows systems
[7.117s] INFO:colcon.colcon_notification.desktop_notification:Sending desktop notification using 'notify2'
[7.120s] DEBUG:colcon.colcon_notification.desktop_notification.notify2:Failed to initialize notify2: org.freedesktop.DBus.Error.ServiceUnknown: The name org.freedesktop.Notifications was not provided by any .service files
[7.121s] DEBUG:colcon.colcon_core.event_reactor:joined thread
[7.122s] INFO:colcon.colcon_core.shell:Creating prefix script '/home/opi/GitHub/Barometer/ros2_ws/install/local_setup.ps1'
[7.126s] INFO:colcon.colcon_core.shell:Creating prefix util module '/home/opi/GitHub/Barometer/ros2_ws/install/_local_setup_util_ps1.py'
[7.132s] INFO:colcon.colcon_core.shell:Creating prefix chain script '/home/opi/GitHub/Barometer/ros2_ws/install/setup.ps1'
[7.137s] INFO:colcon.colcon_core.shell:Creating prefix script '/home/opi/GitHub/Barometer/ros2_ws/install/local_setup.sh'
[7.139s] INFO:colcon.colcon_core.shell:Creating prefix util module '/home/opi/GitHub/Barometer/ros2_ws/install/_local_setup_util_sh.py'
[7.141s] INFO:colcon.colcon_core.shell:Creating prefix chain script '/home/opi/GitHub/Barometer/ros2_ws/install/setup.sh'
[7.146s] INFO:colcon.colcon_core.shell:Creating prefix script '/home/opi/GitHub/Barometer/ros2_ws/install/local_setup.bash'
[7.147s] INFO:colcon.colcon_core.shell:Creating prefix chain script '/home/opi/GitHub/Barometer/ros2_ws/install/setup.bash'
[7.152s] INFO:colcon.colcon_core.shell:Creating prefix script '/home/opi/GitHub/Barometer/ros2_ws/install/local_setup.zsh'
[7.153s] INFO:colcon.colcon_core.shell:Creating prefix chain script '/home/opi/GitHub/Barometer/ros2_ws/install/setup.zsh'
